make all --print-data-base --no-builtin-variables --no-builtin-rules --question
# GNU Make 4.2.1
# Built for x86_64-pc-linux-gnu
# Copyright (C) 1988-2016 Free Software Foundation, Inc.
# License GPLv3+: GNU GPL version 3 or later <http://gnu.org/licenses/gpl.html>
# This is free software: you are free to change and redistribute it.
# There is NO WARRANTY, to the extent permitted by law.

# Make data base, printed on Tue May 31 14:22:46 2022

# Variables

# 'override' directive
GNUMAKEFLAGS := 
# automatic
<D = $(patsubst %/,%,$(dir $<))
# automatic
?F = $(notdir $?)
# environment
DESKTOP_SESSION = ubuntu
# default
.SHELLFLAGS := -c
# environment
XDG_SESSION_CLASS = user
# environment
SNAP_COMMON = /var/snap/code/common
# environment
XDG_SESSION_TYPE = x11
# environment
VSCODE_LOG_NATIVE = false
# automatic
?D = $(patsubst %/,%,$(dir $?))
# environment
IM_CONFIG_PHASE = 1
# automatic
@D = $(patsubst %/,%,$(dir $@))
# environment
XAUTHORITY = /run/user/1000/gdm/Xauthority
# environment
GDMSESSION = ubuntu
# environment
XMODIFIERS = @im=ibus
# makefile
CURDIR := /home/jonas/Documents/PRG/07/b3b36prg-hw07
# makefile
SHELL = /bin/sh
# environment
SNAP_DATA = /var/snap/code/97
# environment
VSCODE_NLS_CONFIG = {"locale":"en-us","availableLanguages":{},"_languagePackSupport":true}
# environment
JOURNAL_STREAM = 8:53443
# makefile (from 'Makefile', line 1)
CFLAGS = -Wall -Werror -std=c99 -g
# environment
XDG_CONFIG_DIRS = /etc/xdg/xdg-ubuntu:/etc/xdg
# environment
SNAP_INSTANCE_NAME = code
# environment
SNAP_ARCH = amd64
# makefile (from 'Makefile', line 1)
MAKEFILE_LIST :=  Makefile
# automatic
@F = $(notdir $@)
# environment
GIO_LAUNCHED_DESKTOP_FILE = /var/lib/snapd/desktop/applications/code_code.desktop
# environment
USERNAME = jonas
# environment
MAKELEVEL := 0
# environment
MANDATORY_PATH = /usr/share/gconf/ubuntu.mandatory.path
# environment
XDG_DATA_DIRS = /usr/share/ubuntu:/usr/local/share/:/usr/share/:/var/lib/snapd/desktop
# makefile (from 'Makefile', line 3)
HW = hw07
# environment
DBUS_SESSION_BUS_ADDRESS = unix:path=/run/user/1000/bus
# environment
VSCODE_VERBOSE_LOGGING = true
# environment
_ = /snap/code/97/usr/share/code/code
# environment
MANAGERPID = 1631
# environment
LESSOPEN = | /usr/bin/lesspipe %s
# environment
LC_NAME = cs_CZ.UTF-8
# environment
VSCODE_CWD = /home/jonas
# environment
GSETTINGS_SCHEMA_DIR = /snap/code/97/usr/share/glib-2.0/schemas
# default
MAKE_HOST := x86_64-pc-linux-gnu
# environment
PATH = /home/jonas/.local/bin:/home/jonas/.local/bin:/usr/local/sbin:/usr/local/bin:/usr/sbin:/usr/bin:/sbin:/bin:/usr/games:/usr/local/games:/snap/bin
# environment
GPG_AGENT_INFO = /run/user/1000/gnupg/S.gpg-agent:0:1
# environment
SESSION_MANAGER = local/jonas-P65-Creator-8RD:@/tmp/.ICE-unix/1856,unix/jonas-P65-Creator-8RD:/tmp/.ICE-unix/1856
# environment
XDG_RUNTIME_DIR = /run/user/1000
# environment
GDK_PIXBUF_MODULE_FILE = /home/jonas/snap/code/common/.cache/gdk-pixbuf-loaders.cache
# environment
SNAP = /snap/code/97
# makefile (from 'Makefile', line 5)
BINARIES = hw07-testopt-int
# environment
SNAP_VERSION = c3511e6c
# environment
XDG_MENU_PREFIX = gnome-
# environment
VSCODE_LOG_STACK = false
# environment
DISABLE_WAYLAND = 1
# environment
ELECTRON_RUN_AS_NODE = 1
# environment
INVOCATION_ID = 06d8d05e7b674ccbadce643cf4ce8370
# environment
GDK_PIXBUF_MODULEDIR = /snap/code/97/usr/lib/x86_64-linux-gnu/gdk-pixbuf-2.0/2.10.0/loaders
# default
.FEATURES := target-specific order-only second-expansion else-if shortest-stem undefine oneshell archives jobserver output-sync check-symlink load
# environment
LS_COLORS = 
# environment
XDG_SESSION_DESKTOP = ubuntu
# environment
SSH_AUTH_SOCK = /run/user/1000/keyring/ssh
# environment
GIO_LAUNCHED_DESKTOP_FILE_PID = 4665
# automatic
%F = $(notdir $%)
# environment
DISPLAY = :0
# environment
VSCODE_PIPE_LOGGING = true
# environment
SNAP_INSTANCE_KEY = 
# environment
PWD = /home/jonas/Documents/PRG/07/b3b36prg-hw07
# default
.LOADED := 
# environment
SSH_AGENT_PID = 1818
# environment
ORIGINAL_XDG_CURRENT_DESKTOP = ubuntu:GNOME
# environment
GTK_MODULES = gail:atk-bridge
# environment
VSCODE_AMD_ENTRYPOINT = vs/workbench/api/node/extensionHostProcess
# environment
HOME = /home/jonas
# environment
LESSCLOSE = /usr/bin/lesspipe %s %s
# environment
VSCODE_CLI = 1
# environment
VSCODE_CODE_CACHE_PATH = /home/jonas/.config/Code/CachedData/c3511e6c69bb39013c4a4b7b9566ec1ca73fc4d5
# environment
LOGNAME = jonas
# environment
APPLICATION_INSIGHTS_NO_DIAGNOSTIC_CHANNEL = 1
# environment
SNAP_LIBRARY_PATH = /var/lib/snapd/lib/gl:/var/lib/snapd/lib/gl32:/var/lib/snapd/void
# environment
SNAP_CONTEXT = YvZ_z6aQ40H1q-DrDNmCA5CO6aFX5gUlLlolwBCQju5mMmbfZyAS
# automatic
+F = $(notdir $+)
# environment
ELECTRON_NO_ATTACH_CONSOLE = 1
# environment
SNAP_USER_COMMON = /home/jonas/snap/code/common
# environment
VSCODE_HANDLES_UNCAUGHT_ERRORS = true
# environment
GNOME_DESKTOP_SESSION_ID = this-is-deprecated
# automatic
^D = $(patsubst %/,%,$(dir $^))
# environment
LC_TIME = cs_CZ.UTF-8
# environment
SNAP_REAL_HOME = /home/jonas
# default
MAKE = $(MAKE_COMMAND)
# default
MAKECMDGOALS := all
# environment
QT_IM_MODULE = ibus
# environment
SNAP_USER_DATA = /home/jonas/snap/code/97
# environment
SHLVL = 0
# environment
GNOME_SHELL_SESSION_MODE = ubuntu
# environment
VSCODE_IPC_HOOK_EXTHOST = /run/user/1000/vscode-ipc-9d65488d-8587-4a1b-b109-adeb749e243c.sock
# default
MAKE_VERSION := 4.2.1
# environment
USER = jonas
# environment
SNAP_REVISION = 97
# environment
LC_MONETARY = cs_CZ.UTF-8
# makefile
.DEFAULT_GOAL := all
# environment
XDG_CURRENT_DESKTOP = Unity
# automatic
%D = $(patsubst %/,%,$(dir $%))
# environment
LC_TELEPHONE = cs_CZ.UTF-8
# default
MAKE_COMMAND := make
# default
.VARIABLES := 
# automatic
*F = $(notdir $*)
# environment
VSCODE_IPC_HOOK = /run/user/1000/vscode-70be7676-1.67.2-main.sock
# environment
BAMF_DESKTOP_FILE_HINT = /var/lib/snapd/desktop/applications/code_code.desktop
# makefile
MAKEFLAGS = pqrR
# environment
MFLAGS = -pqrR
# automatic
*D = $(patsubst %/,%,$(dir $*))
# automatic
+D = $(patsubst %/,%,$(dir $+))
# environment
GDK_BACKEND = x11
# environment
LC_PAPER = cs_CZ.UTF-8
# environment
LC_IDENTIFICATION = cs_CZ.UTF-8
# environment
QT_ACCESSIBILITY = 1
# environment
DEFAULTS_PATH = /usr/share/gconf/ubuntu.default.path
# default
MAKEFILES := 
# environment
SNAP_COOKIE = YvZ_z6aQ40H1q-DrDNmCA5CO6aFX5gUlLlolwBCQju5mMmbfZyAS
# environment
LC_NUMERIC = cs_CZ.UTF-8
# automatic
<F = $(notdir $<)
# environment
LC_MEASUREMENT = cs_CZ.UTF-8
# environment
SNAP_NAME = code
# environment
LC_ALL = C
# environment
GJS_DEBUG_TOPICS = JS ERROR;JS LOG
# automatic
^F = $(notdir $^)
# default
SUFFIXES := 
# environment
SNAP_REEXEC = 
# environment
CHROME_DESKTOP = code-url-handler.desktop
# environment
WINDOWPATH = 2
# default
.INCLUDE_DIRS = /usr/include /usr/local/include /usr/include
# environment
GJS_DEBUG_OUTPUT = stderr
# default
.RECIPEPREFIX := 
# environment
LC_ADDRESS = cs_CZ.UTF-8
# environment
LANG = C
# environment
VSCODE_PID = 4715
# variable set hash-table stats:
# Load=134/1024=13%, Rehash=0, Collisions=24/161=15%

# Pattern-specific Variable Values

# No pattern-specific variable values.
 

# Directories

# . (device 66309, inode 1312017): 37 files, no impossibilities.

# 37 files, no impossibilities in 1 directories.

# Implicit Rules

# No implicit rules.

# Files

hw07-testopt-stc: hw07-testopt-stc.c queue.o
#  Implicit rule search has not been done.
#  Modification time never checked.
#  File has not been updated.
#  recipe to execute (from 'Makefile', line 22):
	$(CC) $(CFLAGS) hw07-testopt-stc.c queue.o -o $@

hw07-opt: hw07-testopt-int hw07-testopt-str hw07-testopt-stc
#  Implicit rule search has not been done.
#  Modification time never checked.
#  File has not been updated.

all: hw07-testopt-int
#  Command line target.
#  Implicit rule search has been done.
#  File does not exist.
#  File has been updated.
#  Successfully updated.

queue.o: queue.c
#  Implicit rule search has not been done.
#  Last modified 2022-04-24 15:08:58.117009448
#  File has been updated.
#  Successfully updated.
#  recipe to execute (from 'Makefile', line 28):
	$(CC) -c $(CFLAGS) $< -o $@
	

hw07-test: hw07-test.c linked_list.o
#  Implicit rule search has not been done.
#  Modification time never checked.
#  File has not been updated.
#  recipe to execute (from 'Makefile', line 13):
	$(CC) $(CFLAGS) hw07-test.c linked_list.o -o $@

zip:
#  Implicit rule search has not been done.
#  Modification time never checked.
#  File has not been updated.
#  recipe to execute (from 'Makefile', line 31):
	zip $(HW)-brute.zip linked_list.c queue.c
	

hw07-testopt-int: hw07-testopt-int.c queue.o
#  Implicit rule search has not been done.
#  Last modified 2022-04-24 15:08:58.157009063
#  File has been updated.
#  Successfully updated.
#  recipe to execute (from 'Makefile', line 16):
	$(CC) $(CFLAGS) hw07-testopt-int.c queue.o -o $@

# Not a target:
Makefile:
#  Implicit rule search has been done.
#  Last modified 2022-04-24 10:45:07.984858433
#  File has been updated.
#  Successfully updated.

# Not a target:
hw07-testopt-stc.c:
#  Implicit rule search has not been done.
#  Modification time never checked.
#  File has not been updated.

hw07-man: hw07-test
#  Implicit rule search has not been done.
#  Modification time never checked.
#  File has not been updated.

# Not a target:
queue.c:
#  Implicit rule search has been done.
#  Last modified 2022-04-24 15:08:50.713080659
#  File has been updated.
#  Successfully updated.

# Not a target:
hw07-test.c:
#  Implicit rule search has not been done.
#  Modification time never checked.
#  File has not been updated.

# Not a target:
hw07-testopt-int.c:
#  Implicit rule search has been done.
#  Last modified 2022-01-30 13:53:53
#  File has been updated.
#  Successfully updated.

# Not a target:
.DEFAULT:
#  Implicit rule search has not been done.
#  Modification time never checked.
#  File has not been updated.

hw07-testopt-str: hw07-testopt-str.c queue.o
#  Implicit rule search has not been done.
#  Modification time never checked.
#  File has not been updated.
#  recipe to execute (from 'Makefile', line 19):
	$(CC) $(CFLAGS) hw07-testopt-str.c queue.o -o $@

linked_list.o: linked_list.c
#  Implicit rule search has not been done.
#  Modification time never checked.
#  File has not been updated.
#  recipe to execute (from 'Makefile', line 25):
	$(CC) -c $(CFLAGS) $< -o $@

clean:
#  Implicit rule search has not been done.
#  Modification time never checked.
#  File has not been updated.
#  recipe to execute (from 'Makefile', line 34):
	rm -f *.o $(BINARIES)
	rm -f $(HW)-brute.zip

# Not a target:
hw07-testopt-str.c:
#  Implicit rule search has not been done.
#  Modification time never checked.
#  File has not been updated.

# Not a target:
linked_list.c:
#  Implicit rule search has not been done.
#  Modification time never checked.
#  File has not been updated.

# files hash-table stats:
# Load=20/1024=2%, Rehash=0, Collisions=0/52=0%
# VPATH Search Paths

# No 'vpath' search paths.

# No general ('VPATH' variable) search path.

# strcache buffers: 1 (0) / strings = 48 / storage = 580 B / avg = 12 B
# current buf: size = 8162 B / used = 580 B / count = 48 / avg = 12 B

# strcache performance: lookups = 83 / hit rate = 42%
# hash-table stats:
# Load=48/8192=1%, Rehash=0, Collisions=1/83=1%
# Finished Make data base on Tue May 31 14:22:46 2022

 
