make all --print-data-base --no-builtin-variables --no-builtin-rules --question
make: *** No rule to make target 'all'.  Stop.

# GNU Make 4.2.1
# Built for x86_64-pc-linux-gnu
# Copyright (C) 1988-2016 Free Software Foundation, Inc.
# License GPLv3+: GNU GPL version 3 or later <http://gnu.org/licenses/gpl.html>
# This is free software: you are free to change and redistribute it.
# There is NO WARRANTY, to the extent permitted by law.

# Make data base, printed on Mon May 16 12:32:11 2022

# Variables

# 'override' directive
GNUMAKEFLAGS := 
# automatic
<D = $(patsubst %/,%,$(dir $<))
# automatic
?F = $(notdir $?)
# environment
DESKTOP_SESSION = ubuntu
# default
.SHELLFLAGS := -c
# environment
XDG_SESSION_CLASS = user
# environment
SNAP_COMMON = /var/snap/code/common
# environment
XDG_SESSION_TYPE = x11
# environment
VSCODE_LOG_NATIVE = false
# automatic
?D = $(patsubst %/,%,$(dir $?))
# environment
IM_CONFIG_PHASE = 1
# automatic
@D = $(patsubst %/,%,$(dir $@))
# environment
XAUTHORITY = /run/user/1000/gdm/Xauthority
# environment
GDMSESSION = ubuntu
# environment
XMODIFIERS = @im=ibus
# makefile
CURDIR := /home/jonas/Documents/PRG/11/prg_again
# makefile
SHELL = /bin/sh
# environment
SNAP_DATA = /var/snap/code/96
# environment
VSCODE_NLS_CONFIG = {"locale":"en-us","availableLanguages":{},"_languagePackSupport":true}
# environment
JOURNAL_STREAM = 8:44819
# makefile (from 'Makefile', line 1)
CFLAGS = -Wall -Werror -g -std=gnu99
# environment
XDG_CONFIG_DIRS = /etc/xdg/xdg-ubuntu:/etc/xdg
# environment
SNAP_INSTANCE_NAME = code
# environment
SNAP_ARCH = amd64
# makefile (from 'Makefile', line 1)
MAKEFILE_LIST :=  Makefile
# automatic
@F = $(notdir $@)
# environment
GIO_LAUNCHED_DESKTOP_FILE = /var/lib/snapd/desktop/applications/code_code.desktop
# environment
USERNAME = jonas
# environment
MAKELEVEL := 0
# environment
MANDATORY_PATH = /usr/share/gconf/ubuntu.mandatory.path
# environment
XDG_DATA_DIRS = /usr/share/ubuntu:/usr/local/share/:/usr/share/:/var/lib/snapd/desktop
# environment
DBUS_SESSION_BUS_ADDRESS = unix:path=/run/user/1000/bus
# environment
VSCODE_VERBOSE_LOGGING = true
# environment
_ = /snap/code/96/usr/share/code/code
# makefile (from 'Makefile', line 6)
OBJS = $(patsubst %.c,%.o,$(wildcard *.c))
# environment
MANAGERPID = 1643
# environment
LESSOPEN = | /usr/bin/lesspipe %s
# environment
LC_NAME = cs_CZ.UTF-8
# environment
VSCODE_CWD = /home/jonas
# environment
GSETTINGS_SCHEMA_DIR = /snap/code/96/usr/share/glib-2.0/schemas
# default
MAKE_HOST := x86_64-pc-linux-gnu
# environment
PATH = /home/jonas/.local/bin:/home/jonas/.local/bin:/usr/local/sbin:/usr/local/bin:/usr/sbin:/usr/bin:/sbin:/bin:/usr/games:/usr/local/games:/snap/bin
# environment
GPG_AGENT_INFO = /run/user/1000/gnupg/S.gpg-agent:0:1
# environment
SESSION_MANAGER = local/jonas-P65-Creator-8RD:@/tmp/.ICE-unix/1871,unix/jonas-P65-Creator-8RD:/tmp/.ICE-unix/1871
# environment
XDG_RUNTIME_DIR = /run/user/1000
# environment
GDK_PIXBUF_MODULE_FILE = /home/jonas/snap/code/common/.cache/gdk-pixbuf-loaders.cache
# environment
SNAP = /snap/code/96
# environment
SNAP_VERSION = da15b6fd
# environment
XDG_MENU_PREFIX = gnome-
# environment
VSCODE_LOG_STACK = false
# environment
DISABLE_WAYLAND = 1
# environment
ELECTRON_RUN_AS_NODE = 1
# environment
INVOCATION_ID = 4b0c7e1d91754707a3d1afa27d97542c
# makefile (from 'Makefile', line 4)
LDFLAGS = -lpthread
# environment
GDK_PIXBUF_MODULEDIR = /snap/code/96/usr/lib/x86_64-linux-gnu/gdk-pixbuf-2.0/2.10.0/loaders
# default
.FEATURES := target-specific order-only second-expansion else-if shortest-stem undefine oneshell archives jobserver output-sync check-symlink load
# environment
LS_COLORS = 
# environment
XDG_SESSION_DESKTOP = ubuntu
# environment
SSH_AUTH_SOCK = /run/user/1000/keyring/ssh
# environment
GIO_LAUNCHED_DESKTOP_FILE_PID = 3355
# automatic
%F = $(notdir $%)
# makefile (from 'Makefile', line 8)
PRG_SERIAL = prg_serial.o
# environment
DISPLAY = :0
# environment
VSCODE_PIPE_LOGGING = true
# environment
SNAP_INSTANCE_KEY = 
# environment
PWD = /home/jonas/Documents/PRG/11/prg_again
# default
.LOADED := 
# environment
SSH_AGENT_PID = 1833
# environment
ORIGINAL_XDG_CURRENT_DESKTOP = ubuntu:GNOME
# environment
GTK_MODULES = gail:atk-bridge
# environment
VSCODE_AMD_ENTRYPOINT = vs/workbench/api/node/extensionHostProcess
# environment
HOME = /home/jonas
# environment
LESSCLOSE = /usr/bin/lesspipe %s %s
# environment
VSCODE_CLI = 1
# environment
VSCODE_CODE_CACHE_PATH = /home/jonas/.config/Code/CachedData/da15b6fd3ef856477bf6f4fb29ba1b7af717770d
# environment
LOGNAME = jonas
# environment
APPLICATION_INSIGHTS_NO_DIAGNOSTIC_CHANNEL = 1
# environment
SNAP_LIBRARY_PATH = /var/lib/snapd/lib/gl:/var/lib/snapd/lib/gl32:/var/lib/snapd/void
# environment
SNAP_CONTEXT = YvZ_z6aQ40H1q-DrDNmCA5CO6aFX5gUlLlolwBCQju5mMmbfZyAS
# automatic
+F = $(notdir $+)
# environment
ELECTRON_NO_ATTACH_CONSOLE = 1
# environment
SNAP_USER_COMMON = /home/jonas/snap/code/common
# environment
VSCODE_HANDLES_UNCAUGHT_ERRORS = true
# environment
GNOME_DESKTOP_SESSION_ID = this-is-deprecated
# automatic
^D = $(patsubst %/,%,$(dir $^))
# environment
LC_TIME = cs_CZ.UTF-8
# environment
SNAP_REAL_HOME = /home/jonas
# default
MAKE = $(MAKE_COMMAND)
# default
MAKECMDGOALS := all
# environment
QT_IM_MODULE = ibus
# environment
SNAP_USER_DATA = /home/jonas/snap/code/96
# environment
SHLVL = 0
# environment
GNOME_SHELL_SESSION_MODE = ubuntu
# environment
VSCODE_IPC_HOOK_EXTHOST = /run/user/1000/vscode-ipc-36ff5f9a-b1b1-40e9-a763-c410789a30f5.sock
# default
MAKE_VERSION := 4.2.1
# environment
USER = jonas
# environment
SNAP_REVISION = 96
# environment
LC_MONETARY = cs_CZ.UTF-8
# makefile
.DEFAULT_GOAL := bin
# environment
XDG_CURRENT_DESKTOP = Unity
# automatic
%D = $(patsubst %/,%,$(dir $%))
# environment
LC_TELEPHONE = cs_CZ.UTF-8
# default
MAKE_COMMAND := make
# default
.VARIABLES := 
# makefile (from 'Makefile', line 10)
BINS = lab09-main
# automatic
*F = $(notdir $*)
# environment
VSCODE_IPC_HOOK = /run/user/1000/vscode-70be7676-1.67.1-main.sock
# environment
BAMF_DESKTOP_FILE_HINT = /var/lib/snapd/desktop/applications/code_code.desktop
# makefile
MAKEFLAGS = pqrR
# environment
MFLAGS = -pqrR
# automatic
*D = $(patsubst %/,%,$(dir $*))
# automatic
+D = $(patsubst %/,%,$(dir $+))
# environment
GDK_BACKEND = x11
# environment
LC_PAPER = cs_CZ.UTF-8
# environment
LC_IDENTIFICATION = cs_CZ.UTF-8
# environment
QT_ACCESSIBILITY = 1
 
# environment
DEFAULTS_PATH = /usr/share/gconf/ubuntu.default.path
# default
MAKEFILES := 
# environment
SNAP_COOKIE = YvZ_z6aQ40H1q-DrDNmCA5CO6aFX5gUlLlolwBCQju5mMmbfZyAS
# environment
LC_NUMERIC = cs_CZ.UTF-8
# automatic
<F = $(notdir $<)
# environment
LC_MEASUREMENT = cs_CZ.UTF-8
# environment
SNAP_NAME = code
# environment
LC_ALL = C
# environment
GJS_DEBUG_TOPICS = JS ERROR;JS LOG
# automatic
^F = $(notdir $^)
# default
SUFFIXES := 
# environment
SNAP_REEXEC = 
# environment
CHROME_DESKTOP = code-url-handler.desktop
# environment
WINDOWPATH = 2
# default
.INCLUDE_DIRS = /usr/include /usr/local/include /usr/include
# environment
GJS_DEBUG_OUTPUT = stderr
# default
.RECIPEPREFIX := 
# environment
LC_ADDRESS = cs_CZ.UTF-8
# environment
LANG = C
# environment
VSCODE_PID = 3401
# variable set hash-table stats:
# Load=136/1024=13%, Rehash=0, Collisions=25/165=15%

# Pattern-specific Variable Values

# No pattern-specific variable values.

# Directories

# . (device 66309, inode 2369370): 15 files, no impossibilities.

# 15 files, no impossibilities in 1 directories.

# Implicit Rules

# No implicit rules.

# Files

# Not a target:
prg_serial.c:
#  Implicit rule search has not been done.
#  Modification time never checked.
#  File has not been updated.

# Not a target:
all:
#  Command line target.
#  Implicit rule search has been done.
#  File does not exist.
#  File has not been updated.

bin: lab09-main
#  Implicit rule search has not been done.
#  Modification time never checked.
#  File has not been updated.

prg-lab09-main.o: prg-lab09-main.c
#  Implicit rule search has not been done.
#  Implicit/static pattern stem: 'prg-lab09-main'
#  Modification time never checked.
#  File has not been updated.
#  recipe to execute (from 'Makefile', line 17):
	${CC} ${CFLAGS} ${CPPFLAGS} -c $< -o $@

# Not a target:
Makefile:
#  Implicit rule search has been done.
#  Last modified 2022-05-16 12:32:01.178746796
#  File has been updated.
#  Successfully updated.

# Not a target:
hw09-main.c:
#  Implicit rule search has not been done.
#  Modification time never checked.
#  File has not been updated.

lab09-main: prg-lab09-main.o prg_serial.o
#  Implicit rule search has not been done.
#  Modification time never checked.
#  File has not been updated.
#  recipe to execute (from 'Makefile', line 14):
	${CC} $< ${PRG_SERIAL} ${LDFLAGS} -o $@

prg_prepsane.o: prg_prepsane.c
#  Implicit rule search has not been done.
#  Implicit/static pattern stem: 'prg_prepsane'
#  Modification time never checked.
#  File has not been updated.
#  recipe to execute (from 'Makefile', line 17):
	${CC} ${CFLAGS} ${CPPFLAGS} -c $< -o $@

# Not a target:
prg-lab09-main.c:
#  Implicit rule search has not been done.
#  Modification time never checked.
#  File has not been updated.

# Not a target:
.DEFAULT:
#  Implicit rule search has not been done.
#  Modification time never checked.
#  File has not been updated.

clean:
#  Implicit rule search has not been done.
#  Modification time never checked.
#  File has not been updated.
#  recipe to execute (from 'Makefile', line 20):
	rm -f *.o $(OBJS) ${BINS} 

prg_serial.o: prg_serial.c
#  Implicit rule search has not been done.
#  Implicit/static pattern stem: 'prg_serial'
#  Modification time never checked.
#  File has not been updated.
#  recipe to execute (from 'Makefile', line 17):
	${CC} ${CFLAGS} ${CPPFLAGS} -c $< -o $@

# Not a target:
prg_prepsane.c:
#  Implicit rule search has not been done.
#  Modification time never checked.
#  File has not been updated.

hw09-main.o: hw09-main.c
#  Implicit rule search has not been done.
#  Implicit/static pattern stem: 'hw09-main'
#  Modification time never checked.
#  File has not been updated.
#  recipe to execute (from 'Makefile', line 17):
	${CC} ${CFLAGS} ${CPPFLAGS} -c $< -o $@

# files hash-table stats:
# Load=15/1024=1%, Rehash=0, Collisions=0/35=0%
# VPATH Search Paths

# No 'vpath' search paths.

# No general ('VPATH' variable) search path.

# strcache buffers: 1 (0) / strings = 30 / storage = 327 B / avg = 10 B
# current buf: size = 8162 B / used = 327 B / count = 30 / avg = 10 B

# strcache performance: lookups = 51 / hit rate = 41%
# hash-table stats:
# Load=30/8192=0%, Rehash=0, Collisions=1/51=2%
# Finished Make data base on Mon May 16 12:32:11 2022

 
