make all --print-data-base --no-builtin-variables --no-builtin-rules --question
# GNU Make 4.2.1
# Built for x86_64-pc-linux-gnu
# Copyright (C) 1988-2016 Free Software Foundation, Inc.
# License GPLv3+: GNU GPL version 3 or later <http://gnu.org/licenses/gpl.html>
# This is free software: you are free to change and redistribute it.
# There is NO WARRANTY, to the extent permitted by law.

# Make data base, printed on Thu May 19 14:28:11 2022

# Variables

# 'override' directive
GNUMAKEFLAGS := 
# automatic
<D = $(patsubst %/,%,$(dir $<))
# automatic
?F = $(notdir $?)
# environment
DESKTOP_SESSION = ubuntu
# default
.SHELLFLAGS := -c
# environment
XDG_SESSION_CLASS = user
# environment
SNAP_COMMON = /var/snap/code/common
# environment
XDG_SESSION_TYPE = x11
# environment
VSCODE_LOG_NATIVE = false
# automatic
?D = $(patsubst %/,%,$(dir $?))
# environment
IM_CONFIG_PHASE = 1
# automatic
@D = $(patsubst %/,%,$(dir $@))
# environment
XAUTHORITY = /run/user/1000/gdm/Xauthority
# environment
GDMSESSION = ubuntu
# environment
XMODIFIERS = @im=ibus
# makefile
CURDIR := /home/jonas/Documents/PRG/SEM
# makefile
SHELL = /bin/sh
# environment
SNAP_DATA = /var/snap/code/97
# environment
VSCODE_NLS_CONFIG = {"locale":"en-us","availableLanguages":{},"_languagePackSupport":true}
# environment
JOURNAL_STREAM = 8:51610
# makefile (from 'Makefile', line 4)
CFLAGS = -Wall -Werror -std=gnu99 -g $(shell sdl2-config --cflags)
# environment
XDG_CONFIG_DIRS = /etc/xdg/xdg-ubuntu:/etc/xdg
# environment
SNAP_INSTANCE_NAME = code
# environment
SNAP_ARCH = amd64
# makefile (from 'Makefile', line 1)
MAKEFILE_LIST :=  Makefile
# automatic
@F = $(notdir $@)
# environment
GIO_LAUNCHED_DESKTOP_FILE = /var/lib/snapd/desktop/applications/code_code.desktop
# environment
USERNAME = jonas
# environment
MAKELEVEL := 0
# environment
MANDATORY_PATH = /usr/share/gconf/ubuntu.mandatory.path
# environment
XDG_DATA_DIRS = /usr/share/ubuntu:/usr/local/share/:/usr/share/:/var/lib/snapd/desktop
# makefile (from 'Makefile', line 8)
HW = prgsem
# environment
DBUS_SESSION_BUS_ADDRESS = unix:path=/run/user/1000/bus
# environment
VSCODE_VERBOSE_LOGGING = true
# environment
_ = /snap/code/97/usr/share/code/code
# makefile (from 'Makefile', line 15)
OBJS = ${patsubst %.c,%.o,${wildcard *.c}}
# environment
MANAGERPID = 1523
# environment
LESSOPEN = | /usr/bin/lesspipe %s
# environment
LC_NAME = cs_CZ.UTF-8
# environment
VSCODE_CWD = /home/jonas
# environment
GSETTINGS_SCHEMA_DIR = /snap/code/97/usr/share/glib-2.0/schemas
# default
MAKE_HOST := x86_64-pc-linux-gnu
# environment
PATH = /home/jonas/.local/bin:/home/jonas/.local/bin:/usr/local/sbin:/usr/local/bin:/usr/sbin:/usr/bin:/sbin:/bin:/usr/games:/usr/local/games:/snap/bin
# environment
GPG_AGENT_INFO = /run/user/1000/gnupg/S.gpg-agent:0:1
# environment
SESSION_MANAGER = local/jonas-P65-Creator-8RD:@/tmp/.ICE-unix/1747,unix/jonas-P65-Creator-8RD:/tmp/.ICE-unix/1747
# environment
XDG_RUNTIME_DIR = /run/user/1000
# environment
GDK_PIXBUF_MODULE_FILE = /home/jonas/snap/code/common/.cache/gdk-pixbuf-loaders.cache
# environment
SNAP = /snap/code/97
# makefile (from 'Makefile', line 9)
BINARIES = prgsem-main
# environment
SNAP_VERSION = c3511e6c
# environment
XDG_MENU_PREFIX = gnome-
# environment
VSCODE_LOG_STACK = false
# environment
DISABLE_WAYLAND = 1
# environment
ELECTRON_RUN_AS_NODE = 1
# environment
INVOCATION_ID = 5851463edd7d4d71bc68828961363757
# makefile (from 'Makefile', line 11)
LDFLAGS = -pthread $(shell sdl2-config --libs) -lSDL2_image
# environment
GDK_PIXBUF_MODULEDIR = /snap/code/97/usr/lib/x86_64-linux-gnu/gdk-pixbuf-2.0/2.10.0/loaders
# default
.FEATURES := target-specific order-only second-expansion else-if shortest-stem undefine oneshell archives jobserver output-sync check-symlink load
# environment
LS_COLORS = 
# environment
XDG_SESSION_DESKTOP = ubuntu
# environment
SSH_AUTH_SOCK = /run/user/1000/keyring/ssh
# environment
GIO_LAUNCHED_DESKTOP_FILE_PID = 2203
# automatic
%F = $(notdir $%)
# environment
DISPLAY = :0
# environment
VSCODE_PIPE_LOGGING = true
# environment
SNAP_INSTANCE_KEY = 
# environment
PWD = /home/jonas/Documents/PRG/SEM
# default
.LOADED := 
# environment
SSH_AGENT_PID = 1710
# environment
ORIGINAL_XDG_CURRENT_DESKTOP = ubuntu:GNOME
# environment
GTK_MODULES = gail:atk-bridge
# environment
VSCODE_AMD_ENTRYPOINT = vs/workbench/api/node/extensionHostProcess
# environment
HOME = /home/jonas
# environment
LESSCLOSE = /usr/bin/lesspipe %s %s
# environment
VSCODE_CLI = 1
# environment
VSCODE_CODE_CACHE_PATH = /home/jonas/.config/Code/CachedData/c3511e6c69bb39013c4a4b7b9566ec1ca73fc4d5
# environment
LOGNAME = jonas
# environment
APPLICATION_INSIGHTS_NO_DIAGNOSTIC_CHANNEL = 1
# environment
SNAP_LIBRARY_PATH = /var/lib/snapd/lib/gl:/var/lib/snapd/lib/gl32:/var/lib/snapd/void
# environment
SNAP_CONTEXT = YvZ_z6aQ40H1q-DrDNmCA5CO6aFX5gUlLlolwBCQju5mMmbfZyAS
# automatic
+F = $(notdir $+)
# environment
ELECTRON_NO_ATTACH_CONSOLE = 1
# environment
SNAP_USER_COMMON = /home/jonas/snap/code/common
# environment
VSCODE_HANDLES_UNCAUGHT_ERRORS = true
# environment
GNOME_DESKTOP_SESSION_ID = this-is-deprecated
# automatic
^D = $(patsubst %/,%,$(dir $^))
# environment
LC_TIME = cs_CZ.UTF-8
# environment
SNAP_REAL_HOME = /home/jonas
# default
MAKE = $(MAKE_COMMAND)
# default
MAKECMDGOALS := all
# environment
QT_IM_MODULE = ibus
# environment
SNAP_USER_DATA = /home/jonas/snap/code/97
# environment
SHLVL = 0
# environment
GNOME_SHELL_SESSION_MODE = ubuntu
# environment
VSCODE_IPC_HOOK_EXTHOST = /run/user/1000/vscode-ipc-204c749e-5f4b-4e95-be62-642dcd283526.sock
# default
MAKE_VERSION := 4.2.1
# environment
USER = jonas
# environment
SNAP_REVISION = 97
# environment
LC_MONETARY = cs_CZ.UTF-8
# makefile
.DEFAULT_GOAL := all
# environment
XDG_CURRENT_DESKTOP = Unity
# automatic
%D = $(patsubst %/,%,$(dir $%))
# environment
LC_TELEPHONE = cs_CZ.UTF-8
# default
MAKE_COMMAND := make
# default
.VARIABLES := 
# automatic
*F = $(notdir $*)
# environment
VSCODE_IPC_HOOK = /run/user/1000/vscode-70be7676-1.67.2-main.sock
# environment
BAMF_DESKTOP_FILE_HINT = /var/lib/snapd/desktop/applications/code_code.desktop
# makefile
MAKEFLAGS = pqrR
# environment
MFLAGS = -pqrR
# automatic
*D = $(patsubst %/,%,$(dir $*))
# automatic
+D = $(patsubst %/,%,$(dir $+))
# environment
GDK_BACKEND = x11
# environment
LC_PAPER = cs_CZ.UTF-8
# environment
LC_IDENTIFICATION = cs_CZ.UTF-8
# environment
QT_ACCESSIBILITY = 1
# environment
DEFAULTS_PATH = /usr/share/gconf/ubuntu.default.path
# default
MAKEFILES := 
# environment
SNAP_COOKIE = YvZ_z6aQ40H1q-DrDNmCA5CO6aFX5gUlLlolwBCQju5mMmbfZyAS
# environment
LC_NUMERIC = cs_CZ.UTF-8
# automatic
<F = $(notdir $<)
# environment
LC_MEASUREMENT = cs_CZ.UTF-8
# environment
SNAP_NAME = code
# environment
LC_ALL = C
# environment
GJS_DEBUG_TOPICS = JS ERROR;JS LOG
# automatic
^F = $(notdir $^)
# default
SUFFIXES := 
# environment
SNAP_REEXEC = 
# environment
CHROME_DESKTOP = code-url-handler.desktop
# environment
WINDOWPATH = 2
# default
.INCLUDE_DIRS = /usr/include /usr/local/include /usr/include
# environment
GJS_DEBUG_OUTPUT = stderr
# default
.RECIPEPREFIX := 
# environment
LC_ADDRESS = cs_CZ.UTF-8
# environment
LANG = C
# environment
VSCODE_PID = 2250
# variable set hash-table stats:
# Load=136/1024=13%, Rehash=0, Collisions=27/169=16%

# Pattern-specific Variable Values

# No pattern-specific variable values.

# Directories

# . (device 66309, inode 2238676): 39 files, no impossibilities.

# 39 files, no impossibilities in 1 directories.

# Implicit Rules

# No implicit rules.

# Files

 
# Not a target:
messages.c:
#  Implicit rule search has been done.
#  Last modified 2018-04-26 20:52:00
#  File has been updated.
#  Successfully updated.

event_queue.o: event_queue.c
#  Implicit rule search has not been done.
#  Implicit/static pattern stem: 'event_queue'
#  Last modified 2022-05-14 15:30:10.474736425
#  File has been updated.
#  Successfully updated.
#  recipe to execute (from 'Makefile', line 21):
	${CC} -c ${CFLAGS} $< -o $@

prg_serial_nonblock.o: prg_serial_nonblock.c
#  Implicit rule search has not been done.
#  Implicit/static pattern stem: 'prg_serial_nonblock'
#  Last modified 2022-05-09 17:18:23.65793162
#  File has been updated.
#  Successfully updated.
#  recipe to execute (from 'Makefile', line 21):
	${CC} -c ${CFLAGS} $< -o $@

all: prgsem-main
#  Command line target.
#  Implicit rule search has been done.
#  File does not exist.
#  File has been updated.
#  Successfully updated.

# Not a target:
utils.c:
#  Implicit rule search has been done.
#  Last modified 2022-05-18 02:55:01.922580993
#  File has been updated.
#  Successfully updated.

xwin_sdl.o: xwin_sdl.c
#  Implicit rule search has not been done.
#  Implicit/static pattern stem: 'xwin_sdl'
#  Last modified 2022-05-17 23:15:35.01535839
#  File has been updated.
#  Successfully updated.
#  recipe to execute (from 'Makefile', line 21):
	${CC} -c ${CFLAGS} $< -o $@

# Not a target:
gui.c:
#  Implicit rule search has been done.
#  Last modified 2022-05-18 02:53:55.486886196
#  File has been updated.
#  Successfully updated.

zip:
#  Implicit rule search has not been done.
#  Modification time never checked.
#  File has not been updated.
#  recipe to execute (from 'Makefile', line 24):
	zip ${HW}-brute.zip nucleo/prgsem-mbed.cpp ${wildcard *.c} ${wildcard *.h}

# Not a target:
prgsem-main.c:
#  Implicit rule search has been done.
#  Last modified 2022-05-18 02:24:37.839779274
#  File has been updated.
#  Successfully updated.

# Not a target:
Makefile:
#  Implicit rule search has been done.
#  Last modified 2022-05-09 17:17:41.139580675
#  File has been updated.
#  Successfully updated.

computation.o: computation.c
#  Implicit rule search has not been done.
#  Implicit/static pattern stem: 'computation'
#  Last modified 2022-05-18 03:10:57.924516437
#  File has been updated.
#  Successfully updated.
#  recipe to execute (from 'Makefile', line 21):
	${CC} -c ${CFLAGS} $< -o $@

# Not a target:
event_queue.c:
#  Implicit rule search has been done.
#  Last modified 2022-05-14 15:28:41.847389148
#  File has been updated.
#  Successfully updated.

# Not a target:
prg_serial_nonblock.c:
#  Implicit rule search has been done.
#  Last modified 2022-04-13 10:08:01
#  File has been updated.
#  Successfully updated.

# Not a target:
xwin_sdl.c:
#  Implicit rule search has been done.
#  Last modified 2022-05-17 23:15:26.667408923
#  File has been updated.
#  Successfully updated.

messages.o: messages.c
#  Implicit rule search has not been done.
#  Implicit/static pattern stem: 'messages'
#  Last modified 2022-05-09 17:18:23.629932707
#  File has been updated.
#  Successfully updated.
#  recipe to execute (from 'Makefile', line 21):
	${CC} -c ${CFLAGS} $< -o $@

# Not a target:
.DEFAULT:
#  Implicit rule search has not been done.
#  Modification time never checked.
#  File has not been updated.

# Not a target:
computation.c:
#  Implicit rule search has been done.
#  Last modified 2022-05-18 02:52:19.559327813
#  File has been updated.
#  Successfully updated.

clean:
#  Implicit rule search has not been done.
#  Modification time never checked.
#  File has not been updated.
#  recipe to execute (from 'Makefile', line 27):
	rm -f ${BINARIES} ${OBJS}
	rm -f ${HW}-brute.zip

utils.o: utils.c
#  Implicit rule search has not been done.
#  Implicit/static pattern stem: 'utils'
#  Last modified 2022-05-18 03:10:57.968516181
#  File has been updated.
#  Successfully updated.
#  recipe to execute (from 'Makefile', line 21):
	${CC} -c ${CFLAGS} $< -o $@

gui.o: gui.c
#  Implicit rule search has not been done.
#  Implicit/static pattern stem: 'gui'
#  Last modified 2022-05-18 03:10:57.880516693
#  File has been updated.
#  Successfully updated.
#  recipe to execute (from 'Makefile', line 21):
	${CC} -c ${CFLAGS} $< -o $@

prgsem-main: xwin_sdl.o event_queue.o prg_serial_nonblock.o gui.o messages.o computation.o prgsem-main.o utils.o
#  Implicit rule search has not been done.
#  Last modified 2022-05-18 03:10:58.048515715
#  File has been updated.
#  Successfully updated.
#  recipe to execute (from 'Makefile', line 18):
	${CC} ${OBJS} ${LDFLAGS} -o $@

prgsem-main.o: prgsem-main.c
#  Implicit rule search has not been done.
#  Implicit/static pattern stem: 'prgsem-main'
#  Last modified 2022-05-18 02:45:45.097160667
#  File has been updated.
#  Successfully updated.
#  recipe to execute (from 'Makefile', line 21):
	${CC} -c ${CFLAGS} $< -o $@

# files hash-table stats:
# Load=23/1024=2%, Rehash=0, Collisions=2/60=3%
# VPATH Search Paths

# No 'vpath' search paths.

# No general ('VPATH' variable) search path.

# strcache buffers: 1 (0) / strings = 55 / storage = 598 B / avg = 10 B
# current buf: size = 8162 B / used = 598 B / count = 55 / avg = 10 B

# strcache performance: lookups = 99 / hit rate = 44%
# hash-table stats:
# Load=55/8192=1%, Rehash=0, Collisions=1/99=1%
# Finished Make data base on Thu May 19 14:28:11 2022

 
